{
"contracts\\Lock.sol":{"l":{"14":4,"19":3,"20":3,"27":5,"28":4,"30":3,"32":3},"path":"D:\\dev\\LA\\hardhat\\contracts\\Lock.sol","s":{"1":4,"2":5,"3":4,"4":3,"5":3},"b":{"1":[3,1],"2":[4,1],"3":[3,1]},"f":{"1":4,"2":5},"fnMap":{"1":{"name":"constructor","line":13,"loc":{"start":{"line":13,"column":4},"end":{"line":21,"column":4}}},"2":{"name":"withdraw","line":23,"loc":{"start":{"line":23,"column":4},"end":{"line":33,"column":4}}}},"statementMap":{"1":{"start":{"line":14,"column":8},"end":{"line":14,"column":327}},"2":{"start":{"line":27,"column":8},"end":{"line":27,"column":71}},"3":{"start":{"line":28,"column":8},"end":{"line":28,"column":59}},"4":{"start":{"line":30,"column":8},"end":{"line":30,"column":63}},"5":{"start":{"line":32,"column":8},"end":{"line":32,"column":44}}},"branchMap":{"1":{"line":14,"type":"if","locations":[{"start":{"line":14,"column":8},"end":{"line":14,"column":8}},{"start":{"line":14,"column":8},"end":{"line":14,"column":8}}]},"2":{"line":27,"type":"if","locations":[{"start":{"line":27,"column":8},"end":{"line":27,"column":8}},{"start":{"line":27,"column":8},"end":{"line":27,"column":8}}]},"3":{"line":28,"type":"if","locations":[{"start":{"line":28,"column":8},"end":{"line":28,"column":8}},{"start":{"line":28,"column":8},"end":{"line":28,"column":8}}]}}},
"contracts\\Ownable.sol":{"l":{"8":10,"9":9,"13":9},"path":"D:\\dev\\LA\\hardhat\\contracts\\Ownable.sol","s":{"1":10},"b":{"1":[9,1]},"f":{"1":10,"2":9},"fnMap":{"1":{"name":"onlyOwner","line":7,"loc":{"start":{"line":7,"column":4},"end":{"line":10,"column":4}}},"2":{"name":"constructor","line":12,"loc":{"start":{"line":12,"column":4},"end":{"line":14,"column":4}}}},"statementMap":{"1":{"start":{"line":8,"column":8},"end":{"line":8,"column":63}}},"branchMap":{"1":{"line":8,"type":"if","locations":[{"start":{"line":8,"column":8},"end":{"line":8,"column":8}},{"start":{"line":8,"column":8},"end":{"line":8,"column":8}}]}}},
"contracts\\USElection.sol":{"l":{"27":11,"28":10,"32":7,"33":6,"34":5,"36":4,"37":4,"38":3,"40":1,"43":4,"44":4,"46":4,"50":8,"51":4,"53":4,"54":3,"56":1,"60":2,"61":2},"path":"D:\\dev\\LA\\hardhat\\contracts\\USElection.sol","s":{"1":11,"2":7,"3":6,"4":5,"5":4,"6":4,"7":4,"8":8,"9":4,"10":4,"11":3,"12":1,"13":2},"b":{"1":[10,1],"2":[7,1],"3":[7,0],"4":[6,1],"5":[5,1],"6":[4,1],"7":[3,1],"8":[4,4],"9":[3,1],"10":[3,0],"11":[2,1]},"f":{"1":11,"2":7,"3":8,"4":2},"fnMap":{"1":{"name":"onlyActiveElection","line":26,"loc":{"start":{"line":26,"column":0},"end":{"line":29,"column":4}}},"2":{"name":"submitStateResult","line":31,"loc":{"start":{"line":31,"column":0},"end":{"line":47,"column":4}}},"3":{"name":"currentLeader","line":49,"loc":{"start":{"line":49,"column":0},"end":{"line":57,"column":0}}},"4":{"name":"endElection","line":59,"loc":{"start":{"line":59,"column":0},"end":{"line":62,"column":4}}}},"statementMap":{"1":{"start":{"line":27,"column":8},"end":{"line":27,"column":64}},"2":{"start":{"line":32,"column":8},"end":{"line":32,"column":73}},"3":{"start":{"line":33,"column":8},"end":{"line":33,"column":79}},"4":{"start":{"line":34,"column":8},"end":{"line":34,"column":90}},"5":{"start":{"line":36,"column":8},"end":{"line":36,"column":20}},"6":{"start":{"line":37,"column":8},"end":{"line":37,"column":1151}},"7":{"start":{"line":46,"column":8},"end":{"line":46,"column":67}},"8":{"start":{"line":50,"column":4},"end":{"line":50,"column":1529}},"9":{"start":{"line":51,"column":8},"end":{"line":51,"column":20}},"10":{"start":{"line":53,"column":4},"end":{"line":53,"column":1598}},"11":{"start":{"line":54,"column":8},"end":{"line":54,"column":20}},"12":{"start":{"line":56,"column":4},"end":{"line":56,"column":12}},"13":{"start":{"line":61,"column":8},"end":{"line":61,"column":46}}},"branchMap":{"1":{"line":27,"type":"if","locations":[{"start":{"line":27,"column":8},"end":{"line":27,"column":8}},{"start":{"line":27,"column":8},"end":{"line":27,"column":8}}]},"2":{"line":31,"type":"if","locations":[{"start":{"line":31,"column":63},"end":{"line":31,"column":63}},{"start":{"line":31,"column":63},"end":{"line":31,"column":63}}]},"3":{"line":31,"type":"if","locations":[{"start":{"line":31,"column":82},"end":{"line":31,"column":82}},{"start":{"line":31,"column":82},"end":{"line":31,"column":82}}]},"4":{"line":32,"type":"if","locations":[{"start":{"line":32,"column":8},"end":{"line":32,"column":8}},{"start":{"line":32,"column":8},"end":{"line":32,"column":8}}]},"5":{"line":33,"type":"if","locations":[{"start":{"line":33,"column":8},"end":{"line":33,"column":8}},{"start":{"line":33,"column":8},"end":{"line":33,"column":8}}]},"6":{"line":34,"type":"if","locations":[{"start":{"line":34,"column":8},"end":{"line":34,"column":8}},{"start":{"line":34,"column":8},"end":{"line":34,"column":8}}]},"7":{"line":37,"type":"if","locations":[{"start":{"line":37,"column":8},"end":{"line":37,"column":8}},{"start":{"line":37,"column":8},"end":{"line":37,"column":8}}]},"8":{"line":50,"type":"if","locations":[{"start":{"line":50,"column":4},"end":{"line":50,"column":4}},{"start":{"line":50,"column":4},"end":{"line":50,"column":4}}]},"9":{"line":53,"type":"if","locations":[{"start":{"line":53,"column":4},"end":{"line":53,"column":4}},{"start":{"line":53,"column":4},"end":{"line":53,"column":4}}]},"10":{"line":59,"type":"if","locations":[{"start":{"line":59,"column":30},"end":{"line":59,"column":30}},{"start":{"line":59,"column":30},"end":{"line":59,"column":30}}]},"11":{"line":59,"type":"if","locations":[{"start":{"line":59,"column":49},"end":{"line":59,"column":49}},{"start":{"line":59,"column":49},"end":{"line":59,"column":49}}]}}}}
