TN:
SF:D:\dev\LA\hardhat\contracts\Lock.sol
FN:13,constructor
FN:23,withdraw
FNF:2
FNH:2
FNDA:4,constructor
FNDA:5,withdraw
DA:14,4
DA:19,3
DA:20,3
DA:27,5
DA:28,4
DA:30,3
DA:32,3
LF:7
LH:7
BRDA:14,1,0,3
BRDA:14,1,1,1
BRDA:27,2,0,4
BRDA:27,2,1,1
BRDA:28,3,0,3
BRDA:28,3,1,1
BRF:6
BRH:6
end_of_record
TN:
SF:D:\dev\LA\hardhat\contracts\Ownable.sol
FN:7,onlyOwner
FN:12,constructor
FNF:2
FNH:2
FNDA:10,onlyOwner
FNDA:9,constructor
DA:8,10
DA:9,9
DA:13,9
LF:3
LH:3
BRDA:8,1,0,9
BRDA:8,1,1,1
BRF:2
BRH:2
end_of_record
TN:
SF:D:\dev\LA\hardhat\contracts\USElection.sol
FN:26,onlyActiveElection
FN:31,submitStateResult
FN:49,currentLeader
FN:59,endElection
FNF:4
FNH:4
FNDA:11,onlyActiveElection
FNDA:7,submitStateResult
FNDA:8,currentLeader
FNDA:2,endElection
DA:27,11
DA:28,10
DA:32,7
DA:33,6
DA:34,5
DA:36,4
DA:37,4
DA:38,3
DA:40,1
DA:43,4
DA:44,4
DA:46,4
DA:50,8
DA:51,4
DA:53,4
DA:54,3
DA:56,1
DA:60,2
DA:61,2
LF:19
LH:19
BRDA:27,1,0,10
BRDA:27,1,1,1
BRDA:31,2,0,7
BRDA:31,2,1,1
BRDA:31,3,0,7
BRDA:31,3,1,0
BRDA:32,4,0,6
BRDA:32,4,1,1
BRDA:33,5,0,5
BRDA:33,5,1,1
BRDA:34,6,0,4
BRDA:34,6,1,1
BRDA:37,7,0,3
BRDA:37,7,1,1
BRDA:50,8,0,4
BRDA:50,8,1,4
BRDA:53,9,0,3
BRDA:53,9,1,1
BRDA:59,10,0,3
BRDA:59,10,1,0
BRDA:59,11,0,2
BRDA:59,11,1,1
BRF:22
BRH:20
end_of_record
